<?xml version="1.0" encoding="UTF-8"?>
<!-- Generated by org.testng.reporters.JUnitXMLReporter -->
<testsuite ignored="0" hostname="Madhu" failures="0" tests="8" name="Test" time="93.796" errors="0" timestamp="2025-03-23T16:11:32 IST">
  <testcase classname="TestCases.RegisterPageTest" name="registerNewUserUsingRegularPOM" time="10.708"/>
  <testcase classname="io.cucumber.testng.AbstractTestNGCucumberTests" name="runScenario" time="13.708"/>
  <testcase classname="io.cucumber.testng.AbstractTestNGCucumberTests" name="runScenario" time="12.878"/>
  <testcase classname="TestCases.AddToCartPageTest" name="addBirdToCartAndReturnHome" time="7.037"/>
  <testcase classname="TestCases.AddToCartPageTest" name="addCatToCartAndReturnHome" time="7.023"/>
  <testcase classname="TestCases.AddToCartPageTest" name="addDogToCartAndReturnHome" time="6.667"/>
  <testcase classname="TestCases.UpdateCartTest" name="updateCartTest" time="7.011"/>
  <testcase classname="TestCases.CheckOutPageTest" name="CheckOut" time="6.361"/>
</testsuite> <!-- Test -->
